13:21:39.484 [Load] JSON DrawnAntennas count = 1
13:21:39.494   [MIFA] Type=MeanderedInvertedF Freq=2.4 L=28 H=7 FeedGap=1.2
13:21:40.557 [Load] Final vm.DrawnAntennas count = 1
13:21:40.559   [MIFA] Type=MeanderedInvertedF Freq=2.4 L=28 H=7 FeedGap=1.2
13:32:30.629 [Load] JSON DrawnAntennas count = 1
13:32:30.641   [MIFA] Type=MeanderedInvertedF Freq=2.4 L=28 H=7 FeedGap=1.2
13:32:31.773 [Load] Final vm.DrawnAntennas count = 1
13:32:31.774   [MIFA] Type=MeanderedInvertedF Freq=2.4 L=28 H=7 FeedGap=1.2
13:46:52.578 [Save] DrawnAntennas count = 1
13:46:52.579   [MIFA] Type=MeanderedInvertedF Freq=2.4 L=28 H=7 FeedGap=1.2
13:46:53.605 [Save] DrawnAntennas count = 1
13:46:53.606   [MIFA] Type=MeanderedInvertedF Freq=2.4 L=28 H=7 FeedGap=1.2
15:15:29.117 [Load] JSON DrawnAntennas count = 1
15:15:29.136   [MIFA] Type=MeanderedInvertedF Freq=2.4 L=28 H=7 FeedGap=1.2
15:15:29.715 [Load] Final vm.DrawnAntennas count = 1
15:15:29.716   [MIFA] Type=MeanderedInvertedF Freq=2.4 L=28 H=7 FeedGap=1.2
15:18:55.821 [Load] JSON DrawnAntennas count = 1
15:18:55.828   [MIFA] Type=MeanderedInvertedF Freq=2.4 L=28 H=7 FeedGap=1.2
15:18:56.303 [Load] Final vm.DrawnAntennas count = 1
15:18:56.304   [MIFA] Type=MeanderedInvertedF Freq=2.4 L=28 H=7 FeedGap=1.2
15:23:26.130 [Load] JSON DrawnAntennas count = 1
15:23:26.137   [MIFA] Type=MeanderedInvertedF Freq=2.4 L=28 H=7 FeedGap=1.2
15:23:26.675 [Load] Final vm.DrawnAntennas count = 1
15:23:26.676   [MIFA] Type=MeanderedInvertedF Freq=2.4 L=28 H=7 FeedGap=1.2
09:17:27.196 [Load] JSON DrawnAntennas count = 1
09:17:27.207   [MIFA] Type=MeanderedInvertedF Freq=2.4 L=28 H=7 FeedGap=1.2
09:17:28.362 [Load] Final vm.DrawnAntennas count = 1
09:17:28.363   [MIFA] Type=MeanderedInvertedF Freq=2.4 L=28 H=7 FeedGap=1.2
09:29:20.940 [Save] DrawnAntennas count = 1
09:29:20.941   [MIFA] Type=MeanderedInvertedF Freq=2.4 L=28 H=7 FeedGap=1.2
10:19:07.399 [Load] JSON DrawnAntennas count = 1
10:19:07.411   [MIFA] Type=MeanderedInvertedF Freq=2.4 L=28 H=7 FeedGap=1.2
10:19:08.520 [Load] Final vm.DrawnAntennas count = 1
10:19:08.523   [MIFA] Type=MeanderedInvertedF Freq=2.4 L=28 H=7 FeedGap=1.2
10:27:18.079 [Save] DrawnAntennas count = 1
10:27:18.080   [MIFA] Type=MeanderedInvertedF Freq=2.4 L=28 H=7 FeedGap=1.2
10:27:19.188 [Save] DrawnAntennas count = 1
10:27:19.189   [MIFA] Type=MeanderedInvertedF Freq=2.4 L=28 H=7 FeedGap=1.2
10:27:19.400 [Save] DrawnAntennas count = 1
10:27:19.401   [MIFA] Type=MeanderedInvertedF Freq=2.4 L=28 H=7 FeedGap=1.2
10:35:12.935 [EditAntenna] editParams: Name=MIFA Type=MeanderedInvertedF Freq=2.4 L=28 H=7 FeedGap=1.2
10:35:13.112 [OnContentRendered] Re-applying _editParams: Name=MIFA Freq=2.4 L=28 H=7
10:35:13.161 [OnContentRendered] After apply: FreqGHz box=2.4, LengthL box=28
10:37:57.868 [EditAntenna] editParams: Name=MIFA Type=MeanderedInvertedF Freq=2.4 L=28 H=7 FeedGap=1.2
10:37:58.002 [OnContentRendered] Re-applying _editParams: Name=MIFA Freq=2.4 L=28 H=7
10:37:58.020 [OnContentRendered] After apply: FreqGHz box=2.4, LengthL box=28
10:42:05.664 [EditAntenna] editParams: Name=MIFA Type=MeanderedInvertedF Freq=2.4 L=30 H=7 FeedGap=1.2
10:42:05.803 [OnContentRendered] Re-applying _editParams: Name=MIFA Freq=2.4 L=30 H=7
10:42:05.826 [OnContentRendered] After apply: FreqGHz box=2.4, LengthL box=30
10:43:51.640 [Save] DrawnAntennas count = 1
10:43:51.641   [MIFA] Type=MeanderedInvertedF Freq=2.4 L=30 H=7 FeedGap=1.2
10:43:52.588 [Save] DrawnAntennas count = 1
10:43:52.589   [MIFA] Type=MeanderedInvertedF Freq=2.4 L=30 H=7 FeedGap=1.2
10:43:53.200 [Save] DrawnAntennas count = 1
10:43:53.201   [MIFA] Type=MeanderedInvertedF Freq=2.4 L=30 H=7 FeedGap=1.2
10:43:53.400 [Save] DrawnAntennas count = 1
10:43:53.401   [MIFA] Type=MeanderedInvertedF Freq=2.4 L=30 H=7 FeedGap=1.2
10:43:53.574 [Save] DrawnAntennas count = 1
10:43:53.575   [MIFA] Type=MeanderedInvertedF Freq=2.4 L=30 H=7 FeedGap=1.2
10:45:13.131 [EditAntenna] editParams: Name=MIFA Type=MeanderedInvertedF Freq=2.4 L=30 H=7 FeedGap=1.2
10:45:13.296 [OnContentRendered] Re-applying _editParams: Name=MIFA Freq=2.4 L=30 H=7
10:45:13.332 [OnContentRendered] After apply: FreqGHz box=2.4, LengthL box=30
13:56:13.111 [EditAntenna] editParams: Name=MIFA Type=MeanderedInvertedF Freq=2.4 L=30 H=7 FeedGap=1.2
13:56:13.263 [OnContentRendered] Re-applying _editParams: Name=MIFA Freq=2.4 L=30 H=7
13:56:13.288 [OnContentRendered] After apply: FreqGHz box=2.4, LengthL box=30
15:00:06.761 [Load] JSON DrawnAntennas count = 1
15:00:06.772   [MIFA] Type=MeanderedInvertedF Freq=2.4 L=30 H=7 FeedGap=1.2
15:00:07.927 [Load] Final vm.DrawnAntennas count = 1
15:00:07.929   [MIFA] Type=MeanderedInvertedF Freq=2.4 L=30 H=7 FeedGap=1.2
15:04:23.895 [Load] JSON DrawnAntennas count = 1
15:04:23.906   [MIFA] Type=MeanderedInvertedF Freq=2.4 L=30 H=7 FeedGap=1.2
15:04:25.074 [Load] Final vm.DrawnAntennas count = 1
15:04:25.076   [MIFA] Type=MeanderedInvertedF Freq=2.4 L=30 H=7 FeedGap=1.2
15:07:33.832 [Load] JSON DrawnAntennas count = 1
15:07:33.844   [MIFA] Type=MeanderedInvertedF Freq=2.4 L=30 H=7 FeedGap=1.2
15:07:34.971 [Load] Final vm.DrawnAntennas count = 1
15:07:34.972   [MIFA] Type=MeanderedInvertedF Freq=2.4 L=30 H=7 FeedGap=1.2
10:17:09.499 [Load] JSON DrawnAntennas count = 1
10:17:09.519   [MIFA] Type=MeanderedInvertedF Freq=2.4 L=30 H=7 FeedGap=1.2
10:17:11.197 [Load] Final vm.DrawnAntennas count = 1
10:17:11.199   [MIFA] Type=MeanderedInvertedF Freq=2.4 L=30 H=7 FeedGap=1.2
10:17:22.441 [EditAntenna] editParams: Name=MIFA Type=MeanderedInvertedF Freq=2.4 L=30 H=7 FeedGap=1.2
10:17:22.590 [OnContentRendered] Re-applying _editParams: Name=MIFA Freq=2.4 L=30 H=7
10:17:22.683 [OnContentRendered] After apply: FreqGHz box=2.4, LengthL box=30
10:18:35.593 [Load] JSON DrawnAntennas count = 1
10:18:35.593   [MIFA] Type=MeanderedInvertedF Freq=2.4 L=28 H=7 FeedGap=1.2
10:18:37.000 [Load] Final vm.DrawnAntennas count = 1
10:18:37.000   [MIFA] Type=MeanderedInvertedF Freq=2.4 L=28 H=7 FeedGap=1.2
10:18:59.039 [EditAntenna] editParams: Name=MIFA Type=MeanderedInvertedF Freq=2.4 L=28 H=7 FeedGap=1.2
10:18:59.173 [OnContentRendered] Re-applying _editParams: Name=MIFA Freq=2.4 L=28 H=7
10:18:59.191 [OnContentRendered] After apply: FreqGHz box=2.4, LengthL box=28
10:21:10.393 [Save] DrawnAntennas count = 1
10:21:10.394   [MIFA] Type=MeanderedInvertedF Freq=2.4 L=28 H=7 FeedGap=1.2
10:21:11.396 [Save] DrawnAntennas count = 1
10:21:11.397   [MIFA] Type=MeanderedInvertedF Freq=2.4 L=28 H=7 FeedGap=1.2
10:21:11.564 [Save] DrawnAntennas count = 1
10:21:11.565   [MIFA] Type=MeanderedInvertedF Freq=2.4 L=28 H=7 FeedGap=1.2
10:21:11.748 [Save] DrawnAntennas count = 1
10:21:11.749   [MIFA] Type=MeanderedInvertedF Freq=2.4 L=28 H=7 FeedGap=1.2
10:21:11.880 [Save] DrawnAntennas count = 1
10:21:11.881   [MIFA] Type=MeanderedInvertedF Freq=2.4 L=28 H=7 FeedGap=1.2
10:27:07.999 [Save] DrawnAntennas count = 1
10:27:08.000   [MIFA] Type=MeanderedInvertedF Freq=2.4 L=28 H=7 FeedGap=1.2
10:27:54.343 [Save] DrawnAntennas count = 1
10:27:54.344   [MIFA] Type=MeanderedInvertedF Freq=2.4 L=28 H=7 FeedGap=1.2
10:49:16.092 [Save] DrawnAntennas count = 1
10:49:16.093   [MIFA] Type=MeanderedInvertedF Freq=2.4 L=28 H=7 FeedGap=1.2
10:49:17.275 [Save] DrawnAntennas count = 1
10:49:17.276   [MIFA] Type=MeanderedInvertedF Freq=2.4 L=28 H=7 FeedGap=1.2
10:50:05.866 [Save] DrawnAntennas count = 1
10:50:05.867   [MIFA] Type=MeanderedInvertedF Freq=2.4 L=28 H=7 FeedGap=1.2
10:50:06.926 [Save] DrawnAntennas count = 1
10:50:06.927   [MIFA] Type=MeanderedInvertedF Freq=2.4 L=28 H=7 FeedGap=1.2
10:52:40.537 [Save] DrawnAntennas count = 1
10:52:40.538   [MIFA] Type=MeanderedInvertedF Freq=2.4 L=28 H=7 FeedGap=1.2
10:52:40.977 [Save] DrawnAntennas count = 1
10:52:40.978   [MIFA] Type=MeanderedInvertedF Freq=2.4 L=28 H=7 FeedGap=1.2
10:52:41.130 [Save] DrawnAntennas count = 1
10:52:41.131   [MIFA] Type=MeanderedInvertedF Freq=2.4 L=28 H=7 FeedGap=1.2
10:52:41.313 [Save] DrawnAntennas count = 1
10:52:41.314   [MIFA] Type=MeanderedInvertedF Freq=2.4 L=28 H=7 FeedGap=1.2
10:52:41.493 [Save] DrawnAntennas count = 1
10:52:41.494   [MIFA] Type=MeanderedInvertedF Freq=2.4 L=28 H=7 FeedGap=1.2
10:52:41.658 [Save] DrawnAntennas count = 1
10:52:41.659   [MIFA] Type=MeanderedInvertedF Freq=2.4 L=28 H=7 FeedGap=1.2
10:58:41.056 [Save] DrawnAntennas count = 1
10:58:41.057   [MIFA] Type=MeanderedInvertedF Freq=2.4 L=28 H=7 FeedGap=1.2
10:58:42.232 [Save] DrawnAntennas count = 1
10:58:42.233   [MIFA] Type=MeanderedInvertedF Freq=2.4 L=28 H=7 FeedGap=1.2
10:58:42.617 [Save] DrawnAntennas count = 1
10:58:42.618   [MIFA] Type=MeanderedInvertedF Freq=2.4 L=28 H=7 FeedGap=1.2
10:58:42.796 [Save] DrawnAntennas count = 1
10:58:42.797   [MIFA] Type=MeanderedInvertedF Freq=2.4 L=28 H=7 FeedGap=1.2
11:03:27.255 [Save] DrawnAntennas count = 1
11:03:27.256   [MIFA] Type=MeanderedInvertedF Freq=2.4 L=28 H=7 FeedGap=1.2
11:03:27.455 [Save] DrawnAntennas count = 1
11:03:27.455   [MIFA] Type=MeanderedInvertedF Freq=2.4 L=28 H=7 FeedGap=1.2
11:03:27.635 [Save] DrawnAntennas count = 1
11:03:27.635   [MIFA] Type=MeanderedInvertedF Freq=2.4 L=28 H=7 FeedGap=1.2
11:03:27.787 [Save] DrawnAntennas count = 1
11:03:27.787   [MIFA] Type=MeanderedInvertedF Freq=2.4 L=28 H=7 FeedGap=1.2
11:03:27.963 [Save] DrawnAntennas count = 1
11:03:27.963   [MIFA] Type=MeanderedInvertedF Freq=2.4 L=28 H=7 FeedGap=1.2
11:03:28.131 [Save] DrawnAntennas count = 1
11:03:28.131   [MIFA] Type=MeanderedInvertedF Freq=2.4 L=28 H=7 FeedGap=1.2
11:03:28.299 [Save] DrawnAntennas count = 1
11:03:28.300   [MIFA] Type=MeanderedInvertedF Freq=2.4 L=28 H=7 FeedGap=1.2
11:03:28.468 [Save] DrawnAntennas count = 1
11:03:28.469   [MIFA] Type=MeanderedInvertedF Freq=2.4 L=28 H=7 FeedGap=1.2
11:03:58.275 [Save] DrawnAntennas count = 1
11:03:58.276   [MIFA] Type=MeanderedInvertedF Freq=2.4 L=28 H=7 FeedGap=1.2
11:03:58.815 [Save] DrawnAntennas count = 1
11:03:58.816   [MIFA] Type=MeanderedInvertedF Freq=2.4 L=28 H=7 FeedGap=1.2
11:03:59.191 [Save] DrawnAntennas count = 1
11:03:59.192   [MIFA] Type=MeanderedInvertedF Freq=2.4 L=28 H=7 FeedGap=1.2
11:09:35.784 [Load] JSON DrawnAntennas count = 1
11:09:35.795   [MIFA] Type=MeanderedInvertedF Freq=2.4 L=28 H=7 FeedGap=1.2
11:09:37.161 [Load] Final vm.DrawnAntennas count = 1
11:09:37.163   [MIFA] Type=MeanderedInvertedF Freq=2.4 L=28 H=7 FeedGap=1.2
11:13:50.573 [Load] JSON DrawnAntennas count = 1
11:13:50.584   [MIFA] Type=MeanderedInvertedF Freq=2.4 L=28 H=7 FeedGap=1.2
11:13:51.906 [Load] Final vm.DrawnAntennas count = 1
11:13:51.908   [MIFA] Type=MeanderedInvertedF Freq=2.4 L=28 H=7 FeedGap=1.2
11:18:29.857 [Load] JSON DrawnAntennas count = 1
11:18:29.869   [MIFA] Type=MeanderedInvertedF Freq=2.4 L=28 H=7 FeedGap=1.2
11:18:31.220 [Load] Final vm.DrawnAntennas count = 1
11:18:31.222   [MIFA] Type=MeanderedInvertedF Freq=2.4 L=28 H=7 FeedGap=1.2
11:28:03.431 [Load] JSON DrawnAntennas count = 1
11:28:03.443   [MIFA] Type=MeanderedInvertedF Freq=2.4 L=28 H=7 FeedGap=1.2
11:28:04.770 [Load] Final vm.DrawnAntennas count = 1
11:28:04.772   [MIFA] Type=MeanderedInvertedF Freq=2.4 L=28 H=7 FeedGap=1.2
11:30:12.069 [Save] DrawnAntennas count = 1
11:30:12.070   [MIFA] Type=MeanderedInvertedF Freq=2.4 L=28 H=7 FeedGap=1.2
11:30:51.182 [Save] DrawnAntennas count = 1
11:30:51.182   [MIFA] Type=MeanderedInvertedF Freq=2.4 L=28 H=7 FeedGap=1.2
