Python:  python
Script:  C:\Users\Bin Xiao\OneDrive\Desktop\PCBAntSim\MIFA_onModule\Sim\scripts\run_simulation.py
WorkDir: C:\Users\Bin Xiao\OneDrive\Desktop\PCBAntSim\MIFA_onModule\Sim
────────────────────────────────────────────────────────────

openEMS found: C:\Users\Bin Xiao\OneDrive\Desktop\PCBAntSim\openEMS
Starting openEMS simulation...
 ---------------------------------------------------------------------- 
 | openEMS 64bit -- version v0.0.36
 | (C) 2010-2023 Thorsten Liebig <thorsten.liebig@gmx.de>  GPL license
 ---------------------------------------------------------------------- 
	Used external libraries:
		CSXCAD -- Version: v0.6.3
		hdf5   -- Version: 1.12.0
		          compiled against: HDF5 library version: 1.12.0
		tinyxml -- compiled against: 2.6.2
		fparser
		boost  -- compiled against: 1_72
		vtk -- Version: 8.2.0
		       compiled against: 8.2.0

Create FDTD operator (compressed SSE + multi-threading)
Multithreaded operator using 8 threads.
Operator::CalcTimestep_Var3: Smallest timestep (6.28608e-14s) found at position: 0 : 60;73;20
openEMS found: C:\Users\Bin Xiao\OneDrive\Desktop\PCBAntSim\openEMS
Post-processing only (--post-only mode)
[WARN] Port data not ready yet: could not convert string '\x00\x00\x00\x00\x00\x00\x00\x00\x00\x00\x00\x00\x00\x00\x00\x00\x00\x00\x00\x00\x00\x00\x00\x00\x0 to float64 at row 14, column 1.
Compressing the FDTD operator... this may take a while...
------- Stat: FDTD Operator -------
Dimensions		: 194x115x34 = 758540 Cells (0.75854 MCells)
Size of Operator	: 36409920 Byte (34.7232 MiB) 
Size of Field-Data	: 18204960 Byte (17.3616 MiB) 
-----------------------------------
Background materials (epsR/mueR/kappa/sigma): 1/1/0/0
-----------------------------------
Number of PEC edges	: 94471
in x direction		: 46269
in y direction		: 45999
in z direction		: 2203
-----------------------------------
Timestep (s)		: 6.28608e-14
Timestep method name	: Rennings_2
Nyquist criteria (TS)	: 1988
Nyquist criteria (s)	: 1.24967e-10
-----------------------------------
SSE compression enabled	: yes
Unique SSE operators	: 32393
-----------------------------------
-----------------------------------
--- Excitation Extension ---
Voltage excitations	: 15	 (0, 0, 15)
Current excitations	: 0	 (0, 0, 0)
Excitation Length (TS)	: 30383
Excitation Length (s)	: 1.9099e-09
--- Uniaxial PML Extension ---
 PML range		: [0,0,0] to [4,114,33]
 Grading function	: " -log(1e-6)*log(2.5)/(2*dl*Z*(pow(2.5,W/dl)-1)) * pow(2.5, D/dl) "
--- Uniaxial PML Extension ---
 PML range		: [189,0,0] to [193,114,33]
 Grading function	: " -log(1e-6)*log(2.5)/(2*dl*Z*(pow(2.5,W/dl)-1)) * pow(2.5, D/dl) "
--- Uniaxial PML Extension ---
 PML range		: [5,0,0] to [188,4,33]
 Grading function	: " -log(1e-6)*log(2.5)/(2*dl*Z*(pow(2.5,W/dl)-1)) * pow(2.5, D/dl) "
--- Uniaxial PML Extension ---
 PML range		: [5,110,0] to [188,114,33]
 Grading function	: " -log(1e-6)*log(2.5)/(2*dl*Z*(pow(2.5,W/dl)-1)) * pow(2.5, D/dl) "
--- Uniaxial PML Extension ---
 PML range		: [5,5,0] to [188,109,4]
 Grading function	: " -log(1e-6)*log(2.5)/(2*dl*Z*(pow(2.5,W/dl)-1)) * pow(2.5, D/dl) "
--- Uniaxial PML Extension ---
 PML range		: [5,5,29] to [188,109,33]
 Grading function	: " -log(1e-6)*log(2.5)/(2*dl*Z*(pow(2.5,W/dl)-1)) * pow(2.5, D/dl) "
-----------------------------------
Creation time for operator: 17.7437 s
FDTD simulation size: 194x115x34 --> 758540 FDTD cells 
FDTD timestep is: 6.28608e-14 s; Nyquist rate: 1988 timesteps @4.00105e+09 Hz
openEMS::SetupFDTD: Warning, the timestep seems to be very small --> long simulation. Check your mesh!?
Excitation signal length is: 30383 timesteps (1.9099e-09s)
Max. number of timesteps: 200000 ( --> 6.58263 * Excitation signal length)
Create FDTD engine (compressed SSE + multi-threading)
---  Engine::SortExtensionByPriority() ---
 #0: Uniaxial PML Extension (1000000)
 #1: Uniaxial PML Extension (1000000)
 #2: Uniaxial PML Extension (1000000)
 #3: Uniaxial PML Extension (1000000)
 #4: Uniaxial PML Extension (1000000)
 #5: Uniaxial PML Extension (1000000)
 #6: Excitation Extension (-1000)
Multithreaded engine using 8 threads. Utilization: (25;25;24;24;24;24;24;24)
Setting up processing...
Running FDTD engine... this may take a while... grab a cup of coffee?!?
openEMS found: C:\Users\Bin Xiao\OneDrive\Desktop\PCBAntSim\openEMS
Post-processing only (--post-only mode)
[WARN] Port data not ready yet: too many indices for array: array is 1-dimensional, but 2 were indexed
openEMS found: C:\Users\Bin Xiao\OneDrive\Desktop\PCBAntSim\openEMS
Post-processing only (--post-only mode)
[WARN] Port data not ready yet: could not convert string '\x00\x00\x00\x00\x00\x00\x00\x00\x00\x00\x00\x00\x00\x00\x00\x00\x00\x00\x00\x00\x00\x00\x00\x00\x0 to float64 at row 1, column 1.
openEMS found: C:\Users\Bin Xiao\OneDrive\Desktop\PCBAntSim\openEMS
[@       22s] Timestep:          497 || Speed:   16.7 MC/s (4.545e-02 s/TS) || Energy: ~4.35e-22 (- 0.00dB)
Post-processing only (--post-only mode)
[WARN] Port data not ready yet: could not convert string '\x00\x00\x00\x00\x00\x00\x00\x00\x00\x00\x00\x00\x00\x00\x00\x00\x00\x00\x00\x00\x00\x00\x00\x00\x0 to float64 at row 2, column 1.
openEMS found: C:\Users\Bin Xiao\OneDrive\Desktop\PCBAntSim\openEMS
Post-processing only (--post-only mode)
[WARN] Port data not ready yet: could not convert string '\x00\x00\x00\x00\x00\x00\x00\x00\x00\x00\x00\x00\x00\x00\x00\x00\x00\x00\x00\x00\x00\x00\x00\x00\x0 to float64 at row 2, column 1.
openEMS found: C:\Users\Bin Xiao\OneDrive\Desktop\PCBAntSim\openEMS
Post-processing only (--post-only mode)
[WARN] Port data not ready yet: could not convert string '\x00\x00\x00\x00\x00\x00\x00\x00\x00\x00\x00\x00\x00\x00\x00\x00\x00\x00\x00\x00\x00\x00\x00\x00\x0 to float64 at row 2, column 1.
[@       45s] Timestep:          994 || Speed:   16.2 MC/s (4.687e-02 s/TS) || Energy: ~5.93e-22 (- 0.00dB)
openEMS found: C:\Users\Bin Xiao\OneDrive\Desktop\PCBAntSim\openEMS
Post-processing only (--post-only mode)
[WARN] Port data not ready yet: could not convert string '\x00\x00\x00\x00\x00\x00\x00\x00\x00\x00\x00\x00\x00\x00\x00\x00\x00\x00\x00\x00\x00\x00\x00\x00\x0 to float64 at row 3, column 1.
openEMS found: C:\Users\Bin Xiao\OneDrive\Desktop\PCBAntSim\openEMS
Post-processing only (--post-only mode)
[WARN] Port data not ready yet: could not convert string '\x00\x00\x00\x00\x00\x00\x00\x00\x00\x00\x00\x00\x00\x00\x00\x00\x00\x00\x00\x00\x00\x00\x00\x00\x0 to float64 at row 3, column 1.
[@     1m08s] Timestep:         1491 || Speed:   16.7 MC/s (4.547e-02 s/TS) || Energy: ~1.80e-21 (- 0.00dB)
openEMS found: C:\Users\Bin Xiao\OneDrive\Desktop\PCBAntSim\openEMS
Post-processing only (--post-only mode)
[WARN] Port data not ready yet: could not convert string '\x00\x00\x00\x00\x00\x00\x00\x00\x00\x00\x00\x00\x00\x00\x00\x00\x00\x00\x00\x00\x00\x00\x00\x00\x0 to float64 at row 4, column 1.
openEMS found: C:\Users\Bin Xiao\OneDrive\Desktop\PCBAntSim\openEMS
Post-processing only (--post-only mode)
[WARN] Port data not ready yet: could not convert string '\x00\x00\x00\x00\x00\x00\x00\x00\x00\x00\x00\x00\x00\x00\x00\x00\x00\x00\x00\x00\x00\x00\x00\x00\x0 to float64 at row 4, column 1.
[@     1m30s] Timestep:         1988 || Speed:   16.9 MC/s (4.493e-02 s/TS) || Energy: ~2.72e-20 (- 0.00dB)
openEMS found: C:\Users\Bin Xiao\OneDrive\Desktop\PCBAntSim\openEMS
Post-processing only (--post-only mode)
[WARN] Port data not ready yet: could not convert string '\x00\x00\x00\x00\x00\x00\x00\x00\x00\x00\x00\x00\x00\x00\x00\x00\x00\x00\x00\x00\x00\x00\x00\x00\x0 to float64 at row 5, column 1.
openEMS found: C:\Users\Bin Xiao\OneDrive\Desktop\PCBAntSim\openEMS
Post-processing only (--post-only mode)
[WARN] Port data not ready yet: could not convert string '\x00\x00\x00\x00\x00\x00\x00\x00\x00\x00\x00\x00\x00\x00\x00\x00\x00\x00\x00\x00\x00\x00\x00\x00\x0 to float64 at row 5, column 1.
openEMS found: C:\Users\Bin Xiao\OneDrive\Desktop\PCBAntSim\openEMS
Post-processing only (--post-only mode)
[WARN] Port data not ready yet: could not convert string '\x00\x00\x00\x00\x00\x00\x00\x00\x00\x00\x00\x00\x00\x00\x00\x00\x00\x00\x00\x00\x00\x00\x00\x00\x0 to float64 at row 5, column 1.
[@     1m57s] Timestep:         2485 || Speed:   14.1 MC/s (5.386e-02 s/TS) || Energy: ~1.60e-19 (- 0.00dB)
openEMS found: C:\Users\Bin Xiao\OneDrive\Desktop\PCBAntSim\openEMS
Post-processing only (--post-only mode)
[WARN] Port data not ready yet: could not convert string '\x00\x00\x00\x00\x00\x00\x00\x00\x00\x00\x00\x00\x00\x00\x00\x00\x00\x00\x00\x00\x00\x00\x00\x00\x0 to float64 at row 6, column 1.
openEMS found: C:\Users\Bin Xiao\OneDrive\Desktop\PCBAntSim\openEMS
Post-processing only (--post-only mode)
[WARN] Port data not ready yet: could not convert string '\x00\x00\x00\x00\x00\x00\x00\x00\x00\x00\x00\x00\x00\x00\x00\x00\x00\x00\x00\x00\x00\x00\x00\x00\x0 to float64 at row 6, column 1.
openEMS found: C:\Users\Bin Xiao\OneDrive\Desktop\PCBAntSim\openEMS
Post-processing only (--post-only mode)
[WARN] Port data not ready yet: could not convert string '\x00\x00\x00\x00\x00\x00\x00\x00\x00\x00\x00\x00\x00\x00\x00\x00\x00\x00\x00\x00\x00\x00\x00\x00\x0 to float64 at row 6, column 1.
[@     2m23s] Timestep:         2982 || Speed:   14.3 MC/s (5.312e-02 s/TS) || Energy: ~5.29e-19 (- 0.00dB)
openEMS found: C:\Users\Bin Xiao\OneDrive\Desktop\PCBAntSim\openEMS
Post-processing only (--post-only mode)
[WARN] Port data not ready yet: could not convert string '\x00\x00\x00\x00\x00\x00\x00\x00\x00\x00\x00\x00\x00\x00\x00\x00\x00\x00\x00\x00\x00\x00\x00\x00\x0 to float64 at row 7, column 1.
openEMS found: C:\Users\Bin Xiao\OneDrive\Desktop\PCBAntSim\openEMS
Post-processing only (--post-only mode)
[WARN] Port data not ready yet: could not convert string '\x00\x00\x00\x00\x00\x00\x00\x00\x00\x00\x00\x00\x00\x00\x00\x00\x00\x00\x00\x00\x00\x00\x00\x00\x0 to float64 at row 7, column 1.
